LSB Version:	:core-4.1-amd64:core-4.1-noarch
Distributor ID:	RedHatEnterprise
Description:	Red Hat Enterprise Linux release 8.7 (Ootpa)
Release:	8.7
Codename:	Ootpa
Linux qa-rtx6k-009.crc.nd.edu 4.18.0-425.3.1.el8.x86_64 #1 SMP Fri Sep 30 11:45:06 EDT 2022 x86_64 x86_64 x86_64 GNU/Linux
Architecture:        x86_64
CPU op-mode(s):      32-bit, 64-bit
Byte Order:          Little Endian
CPU(s):              24
On-line CPU(s) list: 0-23
Thread(s) per core:  1
Core(s) per socket:  12
Socket(s):           2
NUMA node(s):        2
Vendor ID:           GenuineIntel
CPU family:          6
Model:               85
Model name:          Intel(R) Xeon(R) Gold 6226 CPU @ 2.70GHz
Stepping:            7
CPU MHz:             2700.000
BogoMIPS:            5400.00
L1d cache:           32K
L1i cache:           32K
L2 cache:            1024K
L3 cache:            19712K
NUMA node0 CPU(s):   0-11
NUMA node1 CPU(s):   12-23
Flags:               fpu vme de pse tsc msr pae mce cx8 apic sep mtrr pge mca cmov pat pse36 clflush dts acpi mmx fxsr sse sse2 ss ht tm pbe syscall nx pdpe1gb rdtscp lm constant_tsc art arch_perfmon pebs bts rep_good nopl xtopology nonstop_tsc cpuid aperfmperf pni pclmulqdq dtes64 monitor ds_cpl smx est tm2 ssse3 sdbg fma cx16 xtpr pdcm pcid dca sse4_1 sse4_2 x2apic movbe popcnt tsc_deadline_timer aes xsave avx f16c rdrand lahf_lm abm 3dnowprefetch cpuid_fault epb cat_l3 cdp_l3 invpcid_single intel_ppin ssbd mba ibrs ibpb stibp ibrs_enhanced fsgsbase tsc_adjust bmi1 avx2 smep bmi2 erms invpcid cqm mpx rdt_a avx512f avx512dq rdseed adx smap clflushopt clwb intel_pt avx512cd avx512bw avx512vl xsaveopt xsavec xgetbv1 xsaves cqm_llc cqm_occup_llc cqm_mbm_total cqm_mbm_local dtherm ida arat pln pts hwp_epp pku ospke avx512_vnni md_clear flush_l1d arch_capabilities
MemTotal:       180956444 kB
MemFree:        20881360 kB
MemAvailable:   165366256 kB
Buffers:            2864 kB
Cached:         143344420 kB
SwapCached:            0 kB
Active:         82349928 kB
Inactive:       71446880 kB
Active(anon):     129560 kB
Inactive(anon): 11287216 kB
Active(file):   82220368 kB
Inactive(file): 60159664 kB
Unevictable:           0 kB
Mlocked:               0 kB
SwapTotal:             0 kB
SwapFree:              0 kB
Dirty:                72 kB
Writeback:             0 kB
AnonPages:      10397060 kB
Mapped:           947952 kB
Shmem:            967252 kB
KReclaimable:    3492444 kB
Slab:            4197512 kB
SReclaimable:    3492444 kB
SUnreclaim:       705068 kB
KernelStack:       15296 kB
PageTables:       145648 kB
NFS_Unstable:          0 kB
Bounce:                0 kB
WritebackTmp:          0 kB
CommitLimit:    90478220 kB
Committed_AS:   74684312 kB
VmallocTotal:   34359738367 kB
VmallocUsed:           0 kB
VmallocChunk:          0 kB
Percpu:            30720 kB
HardwareCorrupted:     0 kB
AnonHugePages:   6363136 kB
ShmemHugePages:        0 kB
ShmemPmdMapped:        0 kB
FileHugePages:         0 kB
FilePmdMapped:         0 kB
HugePages_Total:       0
HugePages_Free:        0
HugePages_Rsvd:        0
HugePages_Surp:        0
Hugepagesize:       2048 kB
Hugetlb:               0 kB
DirectMap4k:    16443860 kB
DirectMap2M:    163575808 kB
DirectMap1G:     6291456 kB
NAME   MAJ:MIN RM   SIZE RO TYPE MOUNTPOINT
sda      8:0    0 447.1G  0 disk 
|-sda1   8:1    0     1G  0 part /boot
`-sda2   8:2    0 446.1G  0 part /
[0:0:0:0]    disk    ATA      MTFDDAK480TDC-1A MG41  /dev/sda    480GB
Sun Jul 30 10:28:53 2023       
+---------------------------------------------------------------------------------------+
| NVIDIA-SMI 530.41.03              Driver Version: 530.41.03    CUDA Version: 12.1     |
|-----------------------------------------+----------------------+----------------------+
| GPU  Name                  Persistence-M| Bus-Id        Disp.A | Volatile Uncorr. ECC |
| Fan  Temp  Perf            Pwr:Usage/Cap|         Memory-Usage | GPU-Util  Compute M. |
|                                         |                      |               MIG M. |
|=========================================+======================+======================|
|   0  Quadro RTX 6000                 Off| 00000000:06:00.0 Off |                    0 |
| N/A   76C    P0              274W / 250W|  21797MiB / 23040MiB |     90%      Default |
|                                         |                      |                  N/A |
+-----------------------------------------+----------------------+----------------------+
|   1  Quadro RTX 6000                 Off| 00000000:2F:00.0 Off |                    0 |
| N/A   19C    P8               12W / 250W|      3MiB / 23040MiB |      0%      Default |
|                                         |                      |                  N/A |
+-----------------------------------------+----------------------+----------------------+
|   2  Quadro RTX 6000                 Off| 00000000:86:00.0 Off |                    0 |
| N/A   19C    P8               12W / 250W|      3MiB / 23040MiB |      0%      Default |
|                                         |                      |                  N/A |
+-----------------------------------------+----------------------+----------------------+
|   3  Quadro RTX 6000                 Off| 00000000:D8:00.0 Off |                    0 |
| N/A   18C    P8               13W / 250W|      3MiB / 23040MiB |      0%      Default |
|                                         |                      |                  N/A |
+-----------------------------------------+----------------------+----------------------+
                                                                                         
+---------------------------------------------------------------------------------------+
| Processes:                                                                            |
|  GPU   GI   CI        PID   Type   Process name                            GPU Memory |
|        ID   ID                                                             Usage      |
|=======================================================================================|
|    0   N/A  N/A   2225775      C   .../anaconda/envs/python310/bin/python    21794MiB |
+---------------------------------------------------------------------------------------+
